Netgen 1.5.282 compiled on Tue Oct 15 11:16:00 +07 2024
Warning: netgen command 'format' use fully-qualified name '::netgen::format'
Warning: netgen command 'global' use fully-qualified name '::netgen::global'
Reading netlist file /home/nsptrq/newproject/ringosci/ringosci.ext.spc
Call to undefined subcircuit sky130_fd_pr__nfet_01v8
Creating placeholder cell definition.
Call to undefined subcircuit sky130_fd_pr__pfet_01v8
Creating placeholder cell definition.
Reading netlist file /home/nsptrq/newproject/ringosci/ringosci.sch.spc

Reading setup file /home/nsptrq/pdk/sky130A/libs.tech/netgen/sky130A_setup.tcl

Model sky130_fd_pr__nfet_01v8 pin 1 == 3
No property mult found for device sky130_fd_pr__nfet_01v8
No property sa found for device sky130_fd_pr__nfet_01v8
No property sb found for device sky130_fd_pr__nfet_01v8
No property sd found for device sky130_fd_pr__nfet_01v8
No property nf found for device sky130_fd_pr__nfet_01v8
No property nrd found for device sky130_fd_pr__nfet_01v8
No property nrs found for device sky130_fd_pr__nfet_01v8
No property area found for device sky130_fd_pr__nfet_01v8
No property perim found for device sky130_fd_pr__nfet_01v8
No property topography found for device sky130_fd_pr__nfet_01v8
Model sky130_fd_pr__pfet_01v8 pin 1 == 3
No property mult found for device sky130_fd_pr__pfet_01v8
No property sa found for device sky130_fd_pr__pfet_01v8
No property sb found for device sky130_fd_pr__pfet_01v8
No property sd found for device sky130_fd_pr__pfet_01v8
No property nf found for device sky130_fd_pr__pfet_01v8
No property nrd found for device sky130_fd_pr__pfet_01v8
No property nrs found for device sky130_fd_pr__pfet_01v8
No property area found for device sky130_fd_pr__pfet_01v8
No property perim found for device sky130_fd_pr__pfet_01v8
No property topography found for device sky130_fd_pr__pfet_01v8
Comparison output logged to file /home/nsptrq/newproject/ringosci/ringosci.lvs.out
Logging to file "/home/nsptrq/newproject/ringosci/ringosci.lvs.out" enabled

Contents of circuit 1:  Circuit: 'ringosci'
Circuit ringosci contains 6 device instances.
  Class: sky130_fd_pr__nfet_01v8 instances:   3
  Class: sky130_fd_pr__pfet_01v8 instances:   3
Circuit contains 5 nets.
Contents of circuit 2:  Circuit: 'ringosci'
Circuit ringosci contains 0 device instances.
Circuit contains 0 nets, and 3 disconnected pins.

Circuit ringosci contains no devices.

Final result: 
Verify:  cell /home/nsptrq/newproject/ringosci/ringosci.sch.spc has no elements and/or nodes.  Not checked.
Logging to file "/home/nsptrq/newproject/ringosci/ringosci.lvs.out" disabled
LVS Done.
