
Circuit 1 cell sky130_fd_pr__pfet_01v8 and Circuit 2 cell sky130_fd_pr__pfet_01v8 are black boxes.
Warning: Equate pins:  cell sky130_fd_pr__pfet_01v8 is a placeholder, treated as a black box.
Warning: Equate pins:  cell sky130_fd_pr__pfet_01v8 is a placeholder, treated as a black box.

Subcircuit pins:
Circuit 1: sky130_fd_pr__pfet_01v8         |Circuit 2: sky130_fd_pr__pfet_01v8         
-------------------------------------------|-------------------------------------------
1                                          |1                                          
2                                          |2                                          
3                                          |3                                          
4                                          |4                                          
---------------------------------------------------------------------------------------
Cell pin lists are equivalent.
Device classes sky130_fd_pr__pfet_01v8 and sky130_fd_pr__pfet_01v8 are equivalent.
Flattening unmatched subcell sky130_fd_pr__pfet_01v8_LA8JHL in circuit pmosout (0)(2 instances)
Flattening unmatched subcell sky130_fd_pr__pfet_01v8_MA8JHN in circuit pmosout (0)(2 instances)
Flattening unmatched subcell sky130_fd_pr__pfet_01v8_BH5GQ5 in circuit pmosout (0)(2 instances)

Class pmosout (0):  Merged 8 parallel devices.
Subcircuit summary:
Circuit 1: pmosout                         |Circuit 2: pmosout                         
-------------------------------------------|-------------------------------------------
sky130_fd_pr__pfet_01v8 (12->4)            |sky130_fd_pr__pfet_01v8 (12->4)            
Number of devices: 4                       |Number of devices: 4                       
Number of nets: 6                          |Number of nets: 6                          
---------------------------------------------------------------------------------------
Resolving symmetries by property value.
Resolving symmetries by pin name.
Netlists match uniquely.

Subcircuit pins:
Circuit 1: pmosout                         |Circuit 2: pmosout                         
-------------------------------------------|-------------------------------------------
VIP                                        |vip                                        
VIN                                        |vin                                        
s67                                        |s67                                        
VDD                                        |vdd                                        
VOUT                                       |vout                                       
D6                                         |D6                                         
---------------------------------------------------------------------------------------
Cell pin lists are equivalent.
Device classes pmosout and pmosout are equivalent.

Final result: Circuits match uniquely.
.
